2016-10-31 12:00:47,177 [Worker-19] INFO  o.e.m.c.i.l.LifecycleMappingFactory - Using org.eclipse.m2e.jdt.JarLifecycleMapping lifecycle mapping for MavenProject: JobJPA:JobJPA:0.0.1-SNAPSHOT @ /Users/Nick/SD/Java/NinjaProj/JobJPA/pom.xml.
2016-10-31 12:00:47,546 [Worker-19] INFO  o.e.m.c.i.l.LifecycleMappingFactory - Using org.maven.ide.eclipse.wtp.WarLifecycleMapping lifecycle mapping for MavenProject: JobNinja:JobNinja:0.0.1-SNAPSHOT @ /Users/Nick/SD/Java/NinjaProj/JobNinja/pom.xml.
2016-10-31 12:00:52,951 [Worker-19] WARN  o.e.m.c.i.embedder.EclipseLogger - Using platform encoding (UTF-8 actually) to copy filtered resources, i.e. build is platform dependent!
2016-10-31 12:00:53,031 [Worker-19] INFO  o.e.m.c.i.embedder.EclipseLogger - Copying 2 resources
2016-10-31 12:00:53,044 [Worker-19] WARN  o.e.m.c.i.embedder.EclipseLogger - Using platform encoding (UTF-8 actually) to copy filtered resources, i.e. build is platform dependent!
2016-10-31 12:00:53,045 [Worker-19] INFO  o.e.m.c.i.embedder.EclipseLogger - skip non existing resourceDirectory /Users/Nick/SD/Java/NinjaProj/JobJPA/src/test/resources
2016-10-31 12:00:53,699 [Worker-26] WARN  o.e.m.c.i.embedder.EclipseLogger - Using platform encoding (UTF-8 actually) to copy filtered resources, i.e. build is platform dependent!
2016-10-31 12:00:53,701 [Worker-26] INFO  o.e.m.c.i.embedder.EclipseLogger - skip non existing resourceDirectory /Users/Nick/SD/Java/NinjaProj/JobNinja/src/main/resources
2016-10-31 12:00:53,703 [Worker-26] WARN  o.e.m.c.i.embedder.EclipseLogger - Using platform encoding (UTF-8 actually) to copy filtered resources, i.e. build is platform dependent!
2016-10-31 12:00:53,704 [Worker-26] INFO  o.e.m.c.i.embedder.EclipseLogger - skip non existing resourceDirectory /Users/Nick/SD/Java/NinjaProj/JobNinja/src/test/resources
2016-10-31 12:02:07,496 [Worker-21] WARN  o.e.m.c.i.embedder.EclipseLogger - Using platform encoding (UTF-8 actually) to copy filtered resources, i.e. build is platform dependent!
2016-10-31 12:02:07,497 [Worker-21] INFO  o.e.m.c.i.embedder.EclipseLogger - skip non existing resourceDirectory /Users/Nick/SD/Java/NinjaProj/JobNinja/src/main/resources
2016-10-31 12:02:07,500 [Worker-21] WARN  o.e.m.c.i.embedder.EclipseLogger - Using platform encoding (UTF-8 actually) to copy filtered resources, i.e. build is platform dependent!
2016-10-31 12:02:07,500 [Worker-21] INFO  o.e.m.c.i.embedder.EclipseLogger - skip non existing resourceDirectory /Users/Nick/SD/Java/NinjaProj/JobNinja/src/test/resources
2016-10-31 12:04:11,012 [Worker-24] WARN  o.e.m.c.i.embedder.EclipseLogger - Using platform encoding (UTF-8 actually) to copy filtered resources, i.e. build is platform dependent!
2016-10-31 12:04:11,012 [Worker-24] INFO  o.e.m.c.i.embedder.EclipseLogger - skip non existing resourceDirectory /Users/Nick/SD/Java/NinjaProj/JobNinja/src/main/resources
2016-10-31 12:04:11,015 [Worker-24] WARN  o.e.m.c.i.embedder.EclipseLogger - Using platform encoding (UTF-8 actually) to copy filtered resources, i.e. build is platform dependent!
2016-10-31 12:04:11,015 [Worker-24] INFO  o.e.m.c.i.embedder.EclipseLogger - skip non existing resourceDirectory /Users/Nick/SD/Java/NinjaProj/JobNinja/src/test/resources
2016-10-31 12:04:35,604 [Worker-24] WARN  o.e.m.c.i.embedder.EclipseLogger - Using platform encoding (UTF-8 actually) to copy filtered resources, i.e. build is platform dependent!
2016-10-31 12:04:35,605 [Worker-24] INFO  o.e.m.c.i.embedder.EclipseLogger - skip non existing resourceDirectory /Users/Nick/SD/Java/NinjaProj/JobNinja/src/main/resources
2016-10-31 12:04:35,607 [Worker-24] WARN  o.e.m.c.i.embedder.EclipseLogger - Using platform encoding (UTF-8 actually) to copy filtered resources, i.e. build is platform dependent!
2016-10-31 12:04:35,608 [Worker-24] INFO  o.e.m.c.i.embedder.EclipseLogger - skip non existing resourceDirectory /Users/Nick/SD/Java/NinjaProj/JobNinja/src/test/resources
2016-10-31 12:04:40,933 [Worker-12] WARN  o.e.m.c.i.embedder.EclipseLogger - Using platform encoding (UTF-8 actually) to copy filtered resources, i.e. build is platform dependent!
2016-10-31 12:04:40,935 [Worker-12] INFO  o.e.m.c.i.embedder.EclipseLogger - skip non existing resourceDirectory /Users/Nick/SD/Java/NinjaProj/JobNinja/src/main/resources
2016-10-31 12:04:40,937 [Worker-12] WARN  o.e.m.c.i.embedder.EclipseLogger - Using platform encoding (UTF-8 actually) to copy filtered resources, i.e. build is platform dependent!
2016-10-31 12:04:40,938 [Worker-12] INFO  o.e.m.c.i.embedder.EclipseLogger - skip non existing resourceDirectory /Users/Nick/SD/Java/NinjaProj/JobNinja/src/test/resources
2016-10-31 12:04:48,710 [Worker-21] WARN  o.e.m.c.i.embedder.EclipseLogger - Using platform encoding (UTF-8 actually) to copy filtered resources, i.e. build is platform dependent!
2016-10-31 12:04:48,710 [Worker-21] INFO  o.e.m.c.i.embedder.EclipseLogger - skip non existing resourceDirectory /Users/Nick/SD/Java/NinjaProj/JobNinja/src/main/resources
2016-10-31 12:04:48,713 [Worker-21] WARN  o.e.m.c.i.embedder.EclipseLogger - Using platform encoding (UTF-8 actually) to copy filtered resources, i.e. build is platform dependent!
2016-10-31 12:04:48,714 [Worker-21] INFO  o.e.m.c.i.embedder.EclipseLogger - skip non existing resourceDirectory /Users/Nick/SD/Java/NinjaProj/JobNinja/src/test/resources
2016-10-31 12:13:26,585 [Worker-37] WARN  o.e.m.c.i.embedder.EclipseLogger - Using platform encoding (UTF-8 actually) to copy filtered resources, i.e. build is platform dependent!
2016-10-31 12:13:26,590 [Worker-37] INFO  o.e.m.c.i.embedder.EclipseLogger - skip non existing resourceDirectory /Users/Nick/SD/Java/NinjaProj/JobNinja/src/main/resources
2016-10-31 12:13:26,596 [Worker-37] WARN  o.e.m.c.i.embedder.EclipseLogger - Using platform encoding (UTF-8 actually) to copy filtered resources, i.e. build is platform dependent!
2016-10-31 12:13:26,597 [Worker-37] INFO  o.e.m.c.i.embedder.EclipseLogger - skip non existing resourceDirectory /Users/Nick/SD/Java/NinjaProj/JobNinja/src/test/resources
2016-10-31 12:14:57,684 [Worker-40] WARN  o.e.m.c.i.embedder.EclipseLogger - Using platform encoding (UTF-8 actually) to copy filtered resources, i.e. build is platform dependent!
2016-10-31 12:14:57,686 [Worker-40] INFO  o.e.m.c.i.embedder.EclipseLogger - skip non existing resourceDirectory /Users/Nick/SD/Java/NinjaProj/JobNinja/src/main/resources
2016-10-31 12:14:57,688 [Worker-40] WARN  o.e.m.c.i.embedder.EclipseLogger - Using platform encoding (UTF-8 actually) to copy filtered resources, i.e. build is platform dependent!
2016-10-31 12:14:57,689 [Worker-40] INFO  o.e.m.c.i.embedder.EclipseLogger - skip non existing resourceDirectory /Users/Nick/SD/Java/NinjaProj/JobNinja/src/test/resources
2016-10-31 12:19:34,101 [Worker-38] WARN  o.e.m.c.i.embedder.EclipseLogger - Using platform encoding (UTF-8 actually) to copy filtered resources, i.e. build is platform dependent!
2016-10-31 12:19:34,105 [Worker-38] INFO  o.e.m.c.i.embedder.EclipseLogger - skip non existing resourceDirectory /Users/Nick/SD/Java/NinjaProj/JobNinja/src/main/resources
2016-10-31 12:19:34,110 [Worker-38] WARN  o.e.m.c.i.embedder.EclipseLogger - Using platform encoding (UTF-8 actually) to copy filtered resources, i.e. build is platform dependent!
2016-10-31 12:19:34,112 [Worker-38] INFO  o.e.m.c.i.embedder.EclipseLogger - skip non existing resourceDirectory /Users/Nick/SD/Java/NinjaProj/JobNinja/src/test/resources
2016-10-31 12:19:47,667 [Worker-32] WARN  o.e.m.c.i.embedder.EclipseLogger - Using platform encoding (UTF-8 actually) to copy filtered resources, i.e. build is platform dependent!
2016-10-31 12:19:47,668 [Worker-32] INFO  o.e.m.c.i.embedder.EclipseLogger - skip non existing resourceDirectory /Users/Nick/SD/Java/NinjaProj/JobNinja/src/main/resources
2016-10-31 12:19:47,670 [Worker-32] WARN  o.e.m.c.i.embedder.EclipseLogger - Using platform encoding (UTF-8 actually) to copy filtered resources, i.e. build is platform dependent!
2016-10-31 12:19:47,671 [Worker-32] INFO  o.e.m.c.i.embedder.EclipseLogger - skip non existing resourceDirectory /Users/Nick/SD/Java/NinjaProj/JobNinja/src/test/resources
